<?xml version="1.0" encoding="UTF-8"?>
<testsuite xmlns:xsi="http://www.w3.org/2001/XMLSchema-instance" xsi:noNamespaceSchemaLocation="https://maven.apache.org/surefire/maven-surefire-plugin/xsd/surefire-test-report-3.0.xsd" version="3.0" name="com.ticketsystem.dao.IncidenciaDAOTest" time="0.195" tests="6" errors="0" skipped="0" failures="0">
  <properties>
[...]
</properties>
  <testcase name="testBuscarIncidenciaPorIdInexistente" classname="com.ticketsystem.dao.IncidenciaDAOTest" time="0.01">
    <system-out><![CDATA[✅ Driver MySQL cargado correctamente
✅ Conectado correctamente a la base de datos
PI006 OK - Búsqueda por ID inexistente.
]]></system-out>
  </testcase>
  <testcase name="testRegistrarIncidenciaCorrecta" classname="com.ticketsystem.dao.IncidenciaDAOTest" time="0.043">
    <system-out><![CDATA[✅ Driver MySQL cargado correctamente
✅ Conectado correctamente a la base de datos
✅ Driver MySQL cargado correctamente
✅ Conectado correctamente a la base de datos
✅ Driver MySQL cargado correctamente
✅ Conectado correctamente a la base de datos
Incidencia creada para prueba: id=90, desc=INCIDENCIA JUNIT OK
✅ Driver MySQL cargado correctamente
✅ Conectado correctamente a la base de datos
PI001 OK - Registrar incidencia correcta.
]]></system-out>
  </testcase>
  <testcase name="testBuscarIncidenciaPorIdExistente" classname="com.ticketsystem.dao.IncidenciaDAOTest" time="0.036">
    <system-out><![CDATA[✅ Driver MySQL cargado correctamente
✅ Conectado correctamente a la base de datos
✅ Driver MySQL cargado correctamente
✅ Conectado correctamente a la base de datos
Incidencia creada para prueba: id=91, desc=INC JUNIT BUSCAR POR ID
✅ Driver MySQL cargado correctamente
✅ Conectado correctamente a la base de datos
PI005 OK - Búsqueda por ID existente.
]]></system-out>
  </testcase>
  <testcase name="testRegistrarIncidenciaSinDescripcion" classname="com.ticketsystem.dao.IncidenciaDAOTest" time="0.01">
    <system-out><![CDATA[✅ Driver MySQL cargado correctamente
✅ Conectado correctamente a la base de datos
✅ Driver MySQL cargado correctamente
✅ Conectado correctamente a la base de datos
PI002 OK - No se registran incidencias sin descripción.
]]></system-out>
  </testcase>
  <testcase name="testCerrarIncidencia" classname="com.ticketsystem.dao.IncidenciaDAOTest" time="0.038">
    <system-out><![CDATA[✅ Driver MySQL cargado correctamente
✅ Conectado correctamente a la base de datos
✅ Driver MySQL cargado correctamente
✅ Conectado correctamente a la base de datos
Incidencia creada para prueba: id=92, desc=INC JUNIT ESTADO CERRADO
✅ Driver MySQL cargado correctamente
✅ Conectado correctamente a la base de datos
✅ Driver MySQL cargado correctamente
✅ Conectado correctamente a la base de datos
PI004 OK - Cierre de incidencia.
]]></system-out>
  </testcase>
  <testcase name="testCambiarEstadoEnProceso" classname="com.ticketsystem.dao.IncidenciaDAOTest" time="0.045">
    <system-out><![CDATA[✅ Driver MySQL cargado correctamente
✅ Conectado correctamente a la base de datos
✅ Driver MySQL cargado correctamente
✅ Conectado correctamente a la base de datos
Incidencia creada para prueba: id=93, desc=INC JUNIT ESTADO EN PROCESO
✅ Driver MySQL cargado correctamente
✅ Conectado correctamente a la base de datos
✅ Driver MySQL cargado correctamente
✅ Conectado correctamente a la base de datos
PI003 OK - Cambio de estado a 'En Proceso'.
]]></system-out>
  </testcase>
</testsuite>