<?xml version="1.0" encoding="UTF-8"?>
<testsuite xmlns:xsi="http://www.w3.org/2001/XMLSchema-instance" xsi:noNamespaceSchemaLocation="https://maven.apache.org/surefire/maven-surefire-plugin/xsd/surefire-test-report-3.0.xsd" version="3.0" name="com.ticketsystem.dao.EquipoDAOTest" time="0.666" tests="5" errors="0" skipped="0" failures="0">
  <properties>
[...]
</properties>
  <testcase name="testRegistrarEquipoCorrecto" classname="com.ticketsystem.dao.EquipoDAOTest" time="0.492">
    <system-out><![CDATA[EQ001 - Registrar equipo correcto
✅ Driver MySQL cargado correctamente
✅ Conectado correctamente a la base de datos
✅ Driver MySQL cargado correctamente
✅ Conectado correctamente a la base de datos
✅ Driver MySQL cargado correctamente
✅ Conectado correctamente a la base de datos
]]></system-out>
  </testcase>
  <testcase name="testBuscarEquipoPorIdInexistente" classname="com.ticketsystem.dao.EquipoDAOTest" time="0.009">
    <system-out><![CDATA[EQ003 - Buscar equipo por ID inexistente
✅ Driver MySQL cargado correctamente
✅ Conectado correctamente a la base de datos
]]></system-out>
  </testcase>
  <testcase name="testEliminarEquipo" classname="com.ticketsystem.dao.EquipoDAOTest" time="0.041">
    <system-out><![CDATA[EQ005 - Eliminar equipo
✅ Driver MySQL cargado correctamente
✅ Conectado correctamente a la base de datos
✅ Driver MySQL cargado correctamente
✅ Conectado correctamente a la base de datos
✅ Driver MySQL cargado correctamente
✅ Conectado correctamente a la base de datos
✅ Driver MySQL cargado correctamente
✅ Conectado correctamente a la base de datos
]]></system-out>
  </testcase>
  <testcase name="testActualizarEquipo" classname="com.ticketsystem.dao.EquipoDAOTest" time="0.047">
    <system-out><![CDATA[EQ004 - Actualizar equipo
✅ Driver MySQL cargado correctamente
✅ Conectado correctamente a la base de datos
✅ Driver MySQL cargado correctamente
✅ Conectado correctamente a la base de datos
✅ Driver MySQL cargado correctamente
✅ Conectado correctamente a la base de datos
✅ Driver MySQL cargado correctamente
✅ Conectado correctamente a la base de datos
✅ Driver MySQL cargado correctamente
✅ Conectado correctamente a la base de datos
]]></system-out>
  </testcase>
  <testcase name="testBuscarEquipoPorIdExistente" classname="com.ticketsystem.dao.EquipoDAOTest" time="0.025">
    <system-out><![CDATA[EQ002 - Buscar equipo por ID existente
✅ Driver MySQL cargado correctamente
✅ Conectado correctamente a la base de datos
✅ Driver MySQL cargado correctamente
✅ Conectado correctamente a la base de datos
✅ Driver MySQL cargado correctamente
✅ Conectado correctamente a la base de datos
]]></system-out>
  </testcase>
</testsuite>